<?xml version="1.0" encoding="UTF-8"?>
<robot generator="Robot 5.0.1 (Python 3.10.4 on win32)" generated="20221019 17:44:23.138" rpa="false" schemaversion="3">
<suite id="s1" name="Closepreview" source="C:\Users\ThomasJ1\PycharmProjects\CRSITP2\Tests\closepreview.robot">
<test id="s1-t1" name="Verify Recall" line="24">
<kw name="Open Counter" library="ITP2Keywords">
<kw name="Open Browser" library="SeleniumLibrary">
<arg>${url_qa}</arg>
<arg>${browser}</arg>
<doc>Opens a new browser instance to the optional ``url``.</doc>
<msg timestamp="20221019 17:44:24.178" level="INFO">Opening browser 'chrome' to base url 'http://ustr-erl2-3644.na.uis.unisys.com:9205/?ActiveWkstUserDetails=SU4tVEhPTUFTSjE='.</msg>
<status status="PASS" starttime="20221019 17:44:24.178" endtime="20221019 17:45:53.264"/>
</kw>
<kw name="Sleep" library="BuiltIn">
<arg>15</arg>
<doc>Pauses the test executed for the given time.</doc>
<msg timestamp="20221019 17:46:08.270" level="INFO">Slept 15 seconds</msg>
<status status="PASS" starttime="20221019 17:45:53.264" endtime="20221019 17:46:08.270"/>
</kw>
<kw name="Maximize Browser Window" library="SeleniumLibrary">
<doc>Maximizes current browser window.</doc>
<status status="PASS" starttime="20221019 17:46:08.270" endtime="20221019 17:46:08.422"/>
</kw>
<kw name="Click Button" library="SeleniumLibrary">
<arg>${open_button}</arg>
<doc>Clicks the button identified by ``locator``.</doc>
<msg timestamp="20221019 17:46:08.422" level="INFO">Clicking button 'css=#ToggleSlider[type='checkbox']'.</msg>
<status status="PASS" starttime="20221019 17:46:08.422" endtime="20221019 17:46:10.331"/>
</kw>
<kw name="Wait Until Element Is Visible" library="SeleniumLibrary">
<arg>${ok_button}</arg>
<doc>Waits until the element ``locator`` is visible.</doc>
<status status="PASS" starttime="20221019 17:46:10.331" endtime="20221019 17:46:10.596"/>
</kw>
<kw name="Click Button" library="SeleniumLibrary">
<arg>${ok_button}</arg>
<doc>Clicks the button identified by ``locator``.</doc>
<msg timestamp="20221019 17:46:10.604" level="INFO">Clicking button 'xpath=//button[@id='AlertButton']'.</msg>
<status status="PASS" starttime="20221019 17:46:10.596" endtime="20221019 17:46:10.684"/>
</kw>
<status status="PASS" starttime="20221019 17:44:24.178" endtime="20221019 17:46:10.684"/>
</kw>
<kw name="Wait Until Element Is Visible" library="SeleniumLibrary">
<arg>${home_menu}</arg>
<doc>Waits until the element ``locator`` is visible.</doc>
<status status="PASS" starttime="20221019 17:46:10.684" endtime="20221019 17:46:10.716"/>
</kw>
<kw name="Click Link" library="SeleniumLibrary">
<arg>${home_menu}</arg>
<doc>Clicks a link identified by ``locator``.</doc>
<msg timestamp="20221019 17:46:10.716" level="INFO">Clicking link 'xpath=//a[@id='dashboard']'.</msg>
<status status="PASS" starttime="20221019 17:46:10.716" endtime="20221019 17:46:12.904"/>
</kw>
<kw name="Wait Until Element Is Visible" library="SeleniumLibrary">
<arg>${menu_clientcertificaterequest}</arg>
<doc>Waits until the element ``locator`` is visible.</doc>
<status status="PASS" starttime="20221019 17:46:12.904" endtime="20221019 17:46:12.928"/>
</kw>
<kw name="Click Link" library="SeleniumLibrary">
<arg>${menu_clientcertificaterequest}</arg>
<doc>Clicks a link identified by ``locator``.</doc>
<msg timestamp="20221019 17:46:12.928" level="INFO">Clicking link 'xpath=//a[text()='Client Certificate Request']'.</msg>
<status status="PASS" starttime="20221019 17:46:12.928" endtime="20221019 17:46:13.000"/>
</kw>
<kw name="Wait Until Element Is Visible" library="SeleniumLibrary">
<arg>${menu_walkinrequestentry}</arg>
<doc>Waits until the element ``locator`` is visible.</doc>
<status status="PASS" starttime="20221019 17:46:13.008" endtime="20221019 17:46:13.048"/>
</kw>
<kw name="Click Link" library="SeleniumLibrary">
<arg>${menu_walkinrequestentryandpayment}</arg>
<doc>Clicks a link identified by ``locator``.</doc>
<msg timestamp="20221019 17:46:13.048" level="INFO">Clicking link 'xpath=//a[(text()='Walk-in Request Entry and Payment')]'.</msg>
<status status="PASS" starttime="20221019 17:46:13.048" endtime="20221019 17:46:23.257"/>
</kw>
<kw name="Select From List By Index" library="SeleniumLibrary">
<arg>${transaction_typedropdown}</arg>
<arg>1</arg>
<doc>Selects options from selection list ``locator`` by ``indexes``.</doc>
<msg timestamp="20221019 17:46:23.265" level="INFO">Selecting options from selection list 'xpath=//select [@id='WalkInTransactiontype']' by index 1.</msg>
<status status="PASS" starttime="20221019 17:46:23.265" endtime="20221019 17:46:23.441"/>
</kw>
<kw name="Input Text" library="SeleniumLibrary">
<arg>${no_of_copies_text}</arg>
<arg>1</arg>
<doc>Types the given ``text`` into the text field identified by ``locator``.</doc>
<msg timestamp="20221019 17:46:23.441" level="INFO">Typing text '1' into text field 'xpath=//fieldset[@id='birthFormDetails']//input[@id='noOfCopies']'.</msg>
<status status="PASS" starttime="20221019 17:46:23.441" endtime="20221019 17:46:23.665"/>
</kw>
<kw name="Input Text" library="SeleniumLibrary">
<arg>${childlastname_text}</arg>
<arg>Thomas</arg>
<doc>Types the given ``text`` into the text field identified by ``locator``.</doc>
<msg timestamp="20221019 17:46:23.665" level="INFO">Typing text 'Thomas' into text field 'xpath=//input[@id='txtBirthPriLastName']'.</msg>
<status status="PASS" starttime="20221019 17:46:23.665" endtime="20221019 17:46:23.785"/>
</kw>
<kw name="Input Text" library="SeleniumLibrary">
<arg>${childfirstname_text}</arg>
<arg>Shaleen</arg>
<doc>Types the given ``text`` into the text field identified by ``locator``.</doc>
<msg timestamp="20221019 17:46:23.793" level="INFO">Typing text 'Shaleen' into text field 'xpath=//input[@id='txtBirthPriFirstName']'.</msg>
<status status="PASS" starttime="20221019 17:46:23.793" endtime="20221019 17:46:23.929"/>
</kw>
<kw name="Select From List By Index" library="SeleniumLibrary">
<arg>${sex_dropdown}</arg>
<arg>2</arg>
<doc>Selects options from selection list ``locator`` by ``indexes``.</doc>
<msg timestamp="20221019 17:46:23.929" level="INFO">Selecting options from selection list 'xpath=//select[@id='txtBirthSex']' by index 2.</msg>
<status status="PASS" starttime="20221019 17:46:23.929" endtime="20221019 17:46:24.049"/>
</kw>
<kw name="Select From List By Index" library="SeleniumLibrary">
<arg>${dateofbirth_month}</arg>
<arg>2</arg>
<doc>Selects options from selection list ``locator`` by ``indexes``.</doc>
<msg timestamp="20221019 17:46:24.049" level="INFO">Selecting options from selection list 'xpath=//fieldset[@id='birthFormDetails']//select[@id='birthMonth']' by index 2.</msg>
<status status="PASS" starttime="20221019 17:46:24.049" endtime="20221019 17:46:24.169"/>
</kw>
<kw name="Input Text" library="SeleniumLibrary">
<arg>${dateofbirth_date}</arg>
<arg>01</arg>
<doc>Types the given ``text`` into the text field identified by ``locator``.</doc>
<msg timestamp="20221019 17:46:24.169" level="INFO">Typing text '01' into text field 'xpath=//fieldset[@id='birthFormDetails']//input[@id='birthDate']'.</msg>
<status status="PASS" starttime="20221019 17:46:24.169" endtime="20221019 17:46:24.270"/>
</kw>
<kw name="Input Text" library="SeleniumLibrary">
<arg>${dateofbirth_year}</arg>
<arg>2018</arg>
<doc>Types the given ``text`` into the text field identified by ``locator``.</doc>
<msg timestamp="20221019 17:46:24.270" level="INFO">Typing text '2018' into text field 'xpath=//input[@id='birthYear']'.</msg>
<status status="PASS" starttime="20221019 17:46:24.270" endtime="20221019 17:46:24.390"/>
</kw>
<kw name="Select From List By Index" library="SeleniumLibrary">
<arg>${province}</arg>
<arg>2</arg>
<doc>Selects options from selection list ``locator`` by ``indexes``.</doc>
<msg timestamp="20221019 17:46:24.390" level="INFO">Selecting options from selection list 'xpath=//select[@id='birthProvince']' by index 2.</msg>
<status status="PASS" starttime="20221019 17:46:24.390" endtime="20221019 17:46:24.542"/>
</kw>
<kw name="Select From List By Index" library="SeleniumLibrary">
<arg>${city}</arg>
<arg>2</arg>
<doc>Selects options from selection list ``locator`` by ``indexes``.</doc>
<msg timestamp="20221019 17:46:24.550" level="INFO">Selecting options from selection list 'xpath=//select[@id='birthCity']' by index 2.</msg>
<status status="PASS" starttime="20221019 17:46:24.550" endtime="20221019 17:46:24.686"/>
</kw>
<kw name="Input Text" library="SeleniumLibrary">
<arg>${mother_lastname}</arg>
<arg>Ann</arg>
<doc>Types the given ``text`` into the text field identified by ``locator``.</doc>
<msg timestamp="20221019 17:46:24.686" level="INFO">Typing text 'Ann' into text field 'xpath=//input[@id='txtBirthAuxLastName']'.</msg>
<status status="PASS" starttime="20221019 17:46:24.686" endtime="20221019 17:46:24.806"/>
</kw>
<kw name="Input Text" library="SeleniumLibrary">
<arg>${mother_firstname}</arg>
<arg>Maria</arg>
<doc>Types the given ``text`` into the text field identified by ``locator``.</doc>
<msg timestamp="20221019 17:46:24.806" level="INFO">Typing text 'Maria' into text field 'xpath=//input[@id='txtBirthAuxFirstName']'.</msg>
<status status="PASS" starttime="20221019 17:46:24.806" endtime="20221019 17:46:24.935"/>
</kw>
<kw name="Select From List By Index" library="SeleniumLibrary">
<arg>${request_purpose}</arg>
<arg>3</arg>
<doc>Selects options from selection list ``locator`` by ``indexes``.</doc>
<msg timestamp="20221019 17:46:24.943" level="INFO">Selecting options from selection list 'xpath=//select[@id='cmbRequestPurpose']' by index 3.</msg>
<status status="PASS" starttime="20221019 17:46:24.943" endtime="20221019 17:46:25.087"/>
</kw>
<kw name="Execute Javascript" library="SeleniumLibrary">
<arg>window.scrollTo(0,2000)</arg>
<doc>Executes the given JavaScript code with possible arguments.</doc>
<msg timestamp="20221019 17:46:25.087" level="INFO">Executing JavaScript:
window.scrollTo(0,2000)
Without any arguments.</msg>
<status status="PASS" starttime="20221019 17:46:25.087" endtime="20221019 17:46:25.095"/>
</kw>
<kw name="Wait Until Element Is Visible" library="SeleniumLibrary">
<arg>${save_button}</arg>
<doc>Waits until the element ``locator`` is visible.</doc>
<status status="PASS" starttime="20221019 17:46:25.095" endtime="20221019 17:46:25.127"/>
</kw>
<kw name="Sleep" library="BuiltIn">
<arg>2</arg>
<doc>Pauses the test executed for the given time.</doc>
<msg timestamp="20221019 17:46:27.136" level="INFO">Slept 2 seconds</msg>
<status status="PASS" starttime="20221019 17:46:25.127" endtime="20221019 17:46:27.136"/>
</kw>
<kw name="Click Button" library="SeleniumLibrary">
<arg>${save_button}</arg>
<doc>Clicks the button identified by ``locator``.</doc>
<msg timestamp="20221019 17:46:27.136" level="INFO">Clicking button 'xpath=//fieldset[@id='birthFormDetails']//button[(text()='Save')]'.</msg>
<status status="PASS" starttime="20221019 17:46:27.136" endtime="20221019 17:46:28.455"/>
</kw>
<kw name="Wait Until Element Is Visible" library="SeleniumLibrary">
<arg>${reqlastname}</arg>
<doc>Waits until the element ``locator`` is visible.</doc>
<status status="PASS" starttime="20221019 17:46:28.455" endtime="20221019 17:46:28.527"/>
</kw>
<kw name="Sleep" library="BuiltIn">
<arg>2</arg>
<doc>Pauses the test executed for the given time.</doc>
<msg timestamp="20221019 17:46:30.533" level="INFO">Slept 2 seconds</msg>
<status status="PASS" starttime="20221019 17:46:28.527" endtime="20221019 17:46:30.533"/>
</kw>
<kw name="Input Text" library="SeleniumLibrary">
<arg>${reqlastname}</arg>
<arg>Tom</arg>
<doc>Types the given ``text`` into the text field identified by ``locator``.</doc>
<msg timestamp="20221019 17:46:30.533" level="INFO">Typing text 'Tom' into text field 'xpath=//input[@id='txtReqLastName']'.</msg>
<status status="PASS" starttime="20221019 17:46:30.533" endtime="20221019 17:46:30.717"/>
</kw>
<kw name="Wait Until Element Is Visible" library="SeleniumLibrary">
<arg>${reqfirstname}</arg>
<doc>Waits until the element ``locator`` is visible.</doc>
<status status="PASS" starttime="20221019 17:46:30.717" endtime="20221019 17:46:30.749"/>
</kw>
<kw name="Sleep" library="BuiltIn">
<arg>2</arg>
<doc>Pauses the test executed for the given time.</doc>
<msg timestamp="20221019 17:46:32.755" level="INFO">Slept 2 seconds</msg>
<status status="PASS" starttime="20221019 17:46:30.749" endtime="20221019 17:46:32.755"/>
</kw>
<kw name="Input Text" library="SeleniumLibrary">
<arg>${reqfirstname}</arg>
<arg>John</arg>
<doc>Types the given ``text`` into the text field identified by ``locator``.</doc>
<msg timestamp="20221019 17:46:32.755" level="INFO">Typing text 'John' into text field 'xpath=//input[@id='txtReqFirstName']'.</msg>
<status status="PASS" starttime="20221019 17:46:32.755" endtime="20221019 17:46:32.957"/>
</kw>
<kw name="Wait Until Element Is Visible" library="SeleniumLibrary">
<arg>${reqaddress}</arg>
<doc>Waits until the element ``locator`` is visible.</doc>
<status status="PASS" starttime="20221019 17:46:32.965" endtime="20221019 17:46:32.989"/>
</kw>
<kw name="Sleep" library="BuiltIn">
<arg>2</arg>
<doc>Pauses the test executed for the given time.</doc>
<msg timestamp="20221019 17:46:34.999" level="INFO">Slept 2 seconds</msg>
<status status="PASS" starttime="20221019 17:46:32.989" endtime="20221019 17:46:34.999"/>
</kw>
<kw name="Input Text" library="SeleniumLibrary">
<arg>${reqaddress}</arg>
<arg>104</arg>
<doc>Types the given ``text`` into the text field identified by ``locator``.</doc>
<msg timestamp="20221019 17:46:34.999" level="INFO">Typing text '104' into text field 'xpath=//input[@id='txtAddress']'.</msg>
<status status="PASS" starttime="20221019 17:46:34.999" endtime="20221019 17:46:35.143"/>
</kw>
<kw name="Wait Until Element Is Visible" library="SeleniumLibrary">
<arg>${reqcountry}</arg>
<doc>Waits until the element ``locator`` is visible.</doc>
<status status="PASS" starttime="20221019 17:46:35.143" endtime="20221019 17:46:35.167"/>
</kw>
<kw name="Select From List By Index" library="SeleniumLibrary">
<arg>${reqcountry}</arg>
<arg>2</arg>
<doc>Selects options from selection list ``locator`` by ``indexes``.</doc>
<msg timestamp="20221019 17:46:35.167" level="INFO">Selecting options from selection list 'xpath=//select[@id='cmbChildCountry']' by index 2.</msg>
<status status="PASS" starttime="20221019 17:46:35.167" endtime="20221019 17:46:35.303"/>
</kw>
<kw name="Sleep" library="BuiltIn">
<arg>2</arg>
<doc>Pauses the test executed for the given time.</doc>
<msg timestamp="20221019 17:46:37.314" level="INFO">Slept 2 seconds</msg>
<status status="PASS" starttime="20221019 17:46:35.303" endtime="20221019 17:46:37.314"/>
</kw>
<kw name="Input Text" library="SeleniumLibrary">
<arg>${amounttendered}</arg>
<arg>310.00</arg>
<doc>Types the given ``text`` into the text field identified by ``locator``.</doc>
<msg timestamp="20221019 17:46:37.314" level="INFO">Typing text '310.00' into text field 'xpath=//input[@id='txtAmountTendered']'.</msg>
<status status="PASS" starttime="20221019 17:46:37.314" endtime="20221019 17:46:37.590"/>
</kw>
<kw name="Sleep" library="BuiltIn">
<arg>2</arg>
<doc>Pauses the test executed for the given time.</doc>
<msg timestamp="20221019 17:46:39.596" level="INFO">Slept 2 seconds</msg>
<status status="PASS" starttime="20221019 17:46:37.590" endtime="20221019 17:46:39.596"/>
</kw>
<kw name="Press Keys" library="SeleniumLibrary">
<arg>${amounttendered}</arg>
<arg>ENTER</arg>
<doc>Simulates the user pressing key(s) to an element or on the active browser.</doc>
<msg timestamp="20221019 17:46:39.596" level="INFO">Sending key(s) ('ENTER',) to xpath=//input[@id='txtAmountTendered'] element.</msg>
<msg timestamp="20221019 17:46:39.951" level="INFO">Pressing special key ENTER to element.</msg>
<msg timestamp="20221019 17:46:39.951" level="INFO">Releasing special key ENTER.</msg>
<status status="PASS" starttime="20221019 17:46:39.596" endtime="20221019 17:46:39.967"/>
</kw>
<kw name="Sleep" library="BuiltIn">
<arg>4</arg>
<doc>Pauses the test executed for the given time.</doc>
<msg timestamp="20221019 17:46:43.973" level="INFO">Slept 4 seconds</msg>
<status status="PASS" starttime="20221019 17:46:39.967" endtime="20221019 17:46:43.973"/>
</kw>
<kw name="Run Keyword And Continue On Failure" library="BuiltIn">
<arg>ITP2Keywords.Jsexecution</arg>
<doc>Runs the keyword and continues execution even if a failure occurs.</doc>
<kw name="jsexecution" library="ITP2Keywords">
<kw name="Get WebElement" library="SeleniumLibrary">
<var>${ele}</var>
<arg>//*[@id="finalSubmitbtn"]</arg>
<doc>Returns the first WebElement matching the given ``locator``.</doc>
<msg timestamp="20221019 17:46:44.004" level="INFO">${ele} = &lt;selenium.webdriver.remote.webelement.WebElement (session="bbfebf37770b40ec15423f807f9e6cb6", element="cb069efe-5231-4674-8dc6-986a51e120b4")&gt;</msg>
<status status="PASS" starttime="20221019 17:46:43.973" endtime="20221019 17:46:44.004"/>
</kw>
<kw name="Set Selenium Timeout" library="SeleniumLibrary">
<arg>5 seconds</arg>
<doc>Sets the timeout that is used by various keywords.</doc>
<status status="PASS" starttime="20221019 17:46:44.004" endtime="20221019 17:46:44.019"/>
</kw>
<kw name="Execute Javascript" library="SeleniumLibrary">
<arg>arguments[0].click()</arg>
<arg>ARGUMENTS</arg>
<arg>${ele}</arg>
<doc>Executes the given JavaScript code with possible arguments.</doc>
<msg timestamp="20221019 17:46:44.019" level="INFO">Executing JavaScript:
arguments[0].click()
By using argument:
'&lt;selenium.webdriver.remote.webelement.WebElement (session="bbfebf37770b40ec15423f807f9e6cb6", element="cb069efe-5231-4674-8dc6-986a51e120b4")&gt;'</msg>
<msg timestamp="20221019 17:46:49.324" level="INFO" html="true">&lt;/td&gt;&lt;/tr&gt;&lt;tr&gt;&lt;td colspan="3"&gt;&lt;a href="selenium-screenshot-1.png"&gt;&lt;img src="selenium-screenshot-1.png" width="800px"&gt;&lt;/a&gt;</msg>
<msg timestamp="20221019 17:46:49.324" level="FAIL">TimeoutException: Message: script timeout
  (Session info: chrome=106.0.5249.119)
Stacktrace:
Backtrace:
	Ordinal0 [0x00A01ED3+2236115]
	Ordinal0 [0x009992F1+1807089]
	Ordinal0 [0x008A65C0+812480]
	Ordinal0 [0x0090647E+1205374]
	Ordinal0 [0x008F1A8C+1120908]
	Ordinal0 [0x009059E2+1202658]
	Ordinal0 [0x008F18A6+1120422]
	Ordinal0 [0x008CA73D+960317]
	Ordinal0 [0x008CB71F+964383]
	GetHandleVerifier [0x00CAE7E2+2743074]
	GetHandleVerifier [0x00CA08D4+2685972]
	GetHandleVerifier [0x00A92BAA+532202]
	GetHandleVerifier [0x00A91990+527568]
	Ordinal0 [0x009A080C+1837068]
	Ordinal0 [0x009A4CD8+1854680]
	Ordinal0 [0x009A4DC5+1854917]
	Ordinal0 [0x009AED64+1895780]
	BaseThreadInitThunk [0x7717FA29+25]
	RtlGetAppContainerNamedObjectPath [0x77647BBE+286]
	RtlGetAppContainerNamedObjectPath [0x77647B8E+238]
</msg>
<status status="FAIL" starttime="20221019 17:46:44.019" endtime="20221019 17:46:49.324"/>
</kw>
<kw name="Sleep" library="BuiltIn">
<arg>6</arg>
<doc>Pauses the test executed for the given time.</doc>
<status status="NOT RUN" starttime="20221019 17:46:49.324" endtime="20221019 17:46:49.324"/>
</kw>
<status status="FAIL" starttime="20221019 17:46:43.973" endtime="20221019 17:46:49.324"/>
</kw>
<status status="FAIL" starttime="20221019 17:46:43.973" endtime="20221019 17:46:49.324"/>
</kw>
<kw name="Sleep" library="BuiltIn">
<arg>2</arg>
<doc>Pauses the test executed for the given time.</doc>
<msg timestamp="20221019 17:46:51.330" level="INFO">Slept 2 seconds</msg>
<status status="PASS" starttime="20221019 17:46:49.324" endtime="20221019 17:46:51.330"/>
</kw>
<kw name="Run Keyword And Continue On Failure" library="BuiltIn">
<arg>ITP2Keywords.movingtoorwindow</arg>
<doc>Runs the keyword and continues execution even if a failure occurs.</doc>
<kw name="movingtoorwindow" library="ITP2Keywords">
<kw name="Sleep" library="BuiltIn">
<arg>2</arg>
<doc>Pauses the test executed for the given time.</doc>
<msg timestamp="20221019 17:46:53.334" level="INFO">Slept 2 seconds</msg>
<status status="PASS" starttime="20221019 17:46:51.330" endtime="20221019 17:46:53.334"/>
</kw>
<kw name="Get Window Handles" library="SeleniumLibrary">
<var>${iterable_value}</var>
<doc>Returns all child window handles of the selected browser as a list.</doc>
<msg timestamp="20221019 17:46:53.350" level="INFO">${iterable_value} = ['CDwindow-68B2869000CF8A1B9CEF9C703B977AAB', 'CDwindow-23E56F1CB6E987DBF436B3F8AD4951E8', 'CDwindow-322C6B393EC94F6ABD8C026958E19E53']</msg>
<status status="PASS" starttime="20221019 17:46:53.334" endtime="20221019 17:46:53.350"/>
</kw>
<kw name="Get Length" library="BuiltIn">
<var>${len}</var>
<arg>${iterable_value}</arg>
<doc>Returns and logs the length of the given item as an integer.</doc>
<msg timestamp="20221019 17:46:53.350" level="INFO">Length is 3</msg>
<msg timestamp="20221019 17:46:53.350" level="INFO">${len} = 3</msg>
<status status="PASS" starttime="20221019 17:46:53.350" endtime="20221019 17:46:53.350"/>
</kw>
<if>
<branch type="IF" condition="${len}&gt;1">
<kw name="Log" library="BuiltIn">
<arg>second window is present</arg>
<doc>Logs the given message with the given level.</doc>
<msg timestamp="20221019 17:46:53.350" level="INFO">second window is present</msg>
<status status="PASS" starttime="20221019 17:46:53.350" endtime="20221019 17:46:53.350"/>
</kw>
<kw name="Press Keys" library="SeleniumLibrary">
<arg>None</arg>
<arg>CTRL+W</arg>
<doc>Simulates the user pressing key(s) to an element or on the active browser.</doc>
<msg timestamp="20221019 17:46:53.350" level="INFO">Sending key(s) ('CTRL+W',) to page.</msg>
<msg timestamp="20221019 17:46:53.350" level="INFO">Pressing special key CONTROL down.</msg>
<msg timestamp="20221019 17:46:53.350" level="INFO">Sending key W</msg>
<msg timestamp="20221019 17:46:53.350" level="INFO">Releasing special key CONTROL.</msg>
<msg timestamp="20221020 09:10:27.578" level="WARN">Keyword 'Capture Page Screenshot' could not be run on failure: Message: timeout: Timed out receiving message from renderer: 600.000
  (Session info: chrome=106.0.5249.119)
Stacktrace:
Backtrace:
	Ordinal0 [0x00A01ED3+2236115]
	Ordinal0 [0x009992F1+1807089]
	Ordinal0 [0x008A66FD+812797]
	Ordinal0 [0x00899449+758857]
	Ordinal0 [0x008992C1+758465]
	Ordinal0 [0x00898113+753939]
	Ordinal0 [0x0089861D+755229]
	Ordinal0 [0x00897D25+752933]
	Ordinal0 [0x008A2083+794755]
	Ordinal0 [0x00897CD5+752853]
	Ordinal0 [0x00898EE6+757478]
	Ordinal0 [0x00898113+753939]
	Ordinal0 [0x0089861D+755229]
	Ordinal0 [0x00897D25+752933]
	Ordinal0 [0x0089FBB8+785336]
	Ordinal0 [0x00897CD5+752853]
	Ordinal0 [0x00898EE6+757478]
	Ordinal0 [0x00898113+753939]
	Ordinal0 [0x0089861D+755229]
	Ordinal0 [0x00897D25+752933]
	Ordinal0 [0x0089D5C2+775618]
	Ordinal0 [0x00897CD5+752853]
	Ordinal0 [0x00898EE6+757478]
	Ordinal0 [0x00898113+753939]
	Ordinal0 [0x0089861D+755229]
	Ordinal0 [0x00897D25+752933]
	Ordinal0 [0x00892F2D+732973]
	Ordinal0 [0x00897CD5+752853]
	Ordinal0 [0x008974FD+750845]
	Ordinal0 [0x008975ED+751085]
	Ordinal0 [0x0089791A+751898]
	Ordinal0 [0x008977D8+751576]
	Ordinal0 [0x008A7B63+818019]
	Ordinal0 [0x0090518A+1200522]
	Ordinal0 [0x008F18A6+1120422]
	Ordinal0 [0x008CA73D+960317]
	Ordinal0 [0x008CB71F+964383]
	GetHandleVerifier [0x00CAE7E2+2743074]
	GetHandleVerifier [0x00CA08D4+2685972]
	GetHandleVerifier [0x00A92BAA+532202]
	GetHandleVerifier [0x00A91990+527568]
	Ordinal0 [0x009A080C+1837068]
	Ordinal0 [0x009A4CD8+1854680]
	Ordinal0 [0x009A4DC5+1854917]
	Ordinal0 [0x009AED64+1895780]
	BaseThreadInitThunk [0x7717FA29+25]
	RtlGetAppContainerNamedObjectPath [0x77647BBE+286]
	RtlGetAppContainerNamedObjectPath [0x77647B8E+238]
</msg>
<msg timestamp="20221020 09:10:27.578" level="FAIL">WebDriverException: Message: disconnected: Unable to receive message from renderer
  (failed to check if window was closed: disconnected: Unable to receive message from renderer)
  (Session info: chrome=106.0.5249.119)
Stacktrace:
Backtrace:
	Ordinal0 [0x00A01ED3+2236115]
	Ordinal0 [0x009992F1+1807089]
	Ordinal0 [0x008A66FD+812797]
	Ordinal0 [0x008994BB+758971]
	Ordinal0 [0x008992C1+758465]
	Ordinal0 [0x00898113+753939]
	Ordinal0 [0x00898748+755528]
	Ordinal0 [0x008AF671+849521]
	Ordinal0 [0x008A8DAB+822699]
	Ordinal0 [0x008A88D0+821456]
	Ordinal0 [0x008A9122+823586]
	Ordinal0 [0x008A9400+824320]
	Ordinal0 [0x0090C78F+1230735]
	Ordinal0 [0x008F1A8C+1120908]
	Ordinal0 [0x009059E2+1202658]
	Ordinal0 [0x008F18A6+1120422]
	Ordinal0 [0x008CA73D+960317]
	Ordinal0 [0x008CB71F+964383]
	GetHandleVerifier [0x00CAE7E2+2743074]
	GetHandleVerifier [0x00CA08D4+2685972]
	GetHandleVerifier [0x00A92BAA+532202]
	GetHandleVerifier [0x00A91990+527568]
	Ordinal0 [0x009A080C+1837068]
	Ordinal0 [0x009A4CD8+1854680]
	Ordinal0 [0x009A4DC5+1854917]
	Ordinal0 [0x009AED64+1895780]
	BaseThreadInitThunk [0x7717FA29+25]
	RtlGetAppContainerNamedObjectPath [0x77647BBE+286]
	RtlGetAppContainerNamedObjectPath [0x77647B8E+238]
</msg>
<status status="FAIL" starttime="20221019 17:46:53.350" endtime="20221020 09:10:27.578"/>
</kw>
<kw name="Sleep" library="BuiltIn">
<arg>1</arg>
<doc>Pauses the test executed for the given time.</doc>
<status status="NOT RUN" starttime="20221020 09:10:27.578" endtime="20221020 09:10:27.578"/>
</kw>
<kw name="Get Window Titles" library="SeleniumLibrary">
<var>${windownamenew}</var>
<doc>Returns and logs titles of all windows of the selected browser.</doc>
<status status="NOT RUN" starttime="20221020 09:10:27.578" endtime="20221020 09:10:27.578"/>
</kw>
<kw name="Sleep" library="BuiltIn">
<arg>2</arg>
<doc>Pauses the test executed for the given time.</doc>
<status status="NOT RUN" starttime="20221020 09:10:27.578" endtime="20221020 09:10:27.578"/>
</kw>
<kw name="Get Window Handles" library="SeleniumLibrary">
<var>${iterable_valuenew}</var>
<doc>Returns all child window handles of the selected browser as a list.</doc>
<status status="NOT RUN" starttime="20221020 09:10:27.578" endtime="20221020 09:10:27.578"/>
</kw>
<status status="FAIL" starttime="20221019 17:46:53.350" endtime="20221020 09:10:27.578"/>
</branch>
<status status="FAIL" starttime="20221019 17:46:53.350" endtime="20221020 09:10:27.578"/>
</if>
<status status="FAIL" starttime="20221019 17:46:51.330" endtime="20221020 09:10:27.578"/>
</kw>
<status status="FAIL" starttime="20221019 17:46:51.330" endtime="20221020 09:10:27.578"/>
</kw>
<kw name="RetrieveCIBtransactionfromdb" library="ITP2Keywords">
<var>${cibirthtransaction}</var>
<arg>${cibirthreqtype}</arg>
<arg>${cibirthfirstname}</arg>
<kw name="Connect To Database" library="DatabaseLibrary">
<var>${conn}</var>
<arg>pymssql</arg>
<arg>${DBName}</arg>
<arg>${DBUser}</arg>
<arg>${DBPassword}</arg>
<arg>${DBHost}</arg>
<arg>${DBPort}</arg>
<doc>Loads the DB API 2.0 module given `dbapiModuleName` then uses it to
connect to the database using `dbName`, `dbUsername`, and `dbPassword`.</doc>
<msg timestamp="20221020 09:10:27.678" level="INFO">Connecting using : pymssql.connect(database=Civil Registry System, user=PSA1User, password=PSA1User*Live, host=10.62.150.248, port=1433) </msg>
<msg timestamp="20221020 09:10:48.769" level="FAIL">OperationalError: (20009, b'DB-Lib error message 20009, severity 9:\nUnable to connect: Adaptive Server is unavailable or does not exist (10.62.150.248)\nNet-Lib error during Unknown error (10060)\nDB-Lib error message 20009, severity 9:\nUnable to connect: Adaptive Server is unavailable or does not exist (10.62.150.248)\nNet-Lib error during Unknown error (10060)\n')</msg>
<status status="FAIL" starttime="20221020 09:10:27.578" endtime="20221020 09:10:48.769"/>
</kw>
<kw name="Log To Console" library="BuiltIn">
<arg>${conn}</arg>
<doc>Logs the given message to the console.</doc>
<status status="NOT RUN" starttime="20221020 09:10:48.769" endtime="20221020 09:10:48.769"/>
</kw>
<kw name="Query" library="DatabaseLibrary">
<var>@{results}</var>
<arg>${retrievetrannoqueryQuery}</arg>
<doc>Uses the input `selectStatement` to query for the values that will be returned as a list of tuples. Set optional
input `sansTran` to True to run command without an explicit transaction commit or rollback.
Set optional input `returnAsDict` to True to return values as a list of dictionaries.</doc>
<status status="NOT RUN" starttime="20221020 09:10:48.769" endtime="20221020 09:10:48.769"/>
</kw>
<for flavor="IN">
<var>${seriesno}</var>
<value>@{results}</value>
<iter>
<var name="${seriesno}"/>
<kw name="Log To Console" library="BuiltIn">
<arg>${seriesno}</arg>
<doc>Logs the given message to the console.</doc>
<status status="NOT RUN" starttime="20221020 09:10:48.769" endtime="20221020 09:10:48.769"/>
</kw>
<status status="NOT RUN" starttime="20221020 09:10:48.769" endtime="20221020 09:10:48.769"/>
</iter>
<status status="NOT RUN" starttime="20221020 09:10:48.769" endtime="20221020 09:10:48.769"/>
</for>
<kw name="IN">
<var>${seriesno}</var>
<arg>@{results}</arg>
<status status="NOT RUN" starttime="20221020 09:10:48.800" endtime="20221020 09:10:48.800"/>
</kw>
<kw name="Log To Console" library="BuiltIn">
<arg>${seriesno}</arg>
<doc>Logs the given message to the console.</doc>
<status status="NOT RUN" starttime="20221020 09:10:48.800" endtime="20221020 09:10:48.800"/>
</kw>
<kw name="conca">
<var>${tranno}</var>
<status status="NOT RUN" starttime="20221020 09:10:48.807" endtime="20221020 09:10:48.807"/>
</kw>
<status status="FAIL" starttime="20221020 09:10:27.578" endtime="20221020 09:10:48.807"/>
</kw>
<kw name="Close Browser" library="SeleniumLibrary">
<doc>Closes the current browser.</doc>
<status status="NOT RUN" starttime="20221020 09:10:48.807" endtime="20221020 09:10:48.807"/>
</kw>
<status status="FAIL" starttime="20221019 17:44:24.178" endtime="20221020 09:10:48.807">Several failures occurred:

1) TimeoutException: Message: script timeout
  (Session info: chrome=106.0.5249.119)
Stacktrace:
Backtrace:
	Ordinal0 [0x00A01ED3+2236115]
	Ordinal0 [0x009992F1+1807089]
	Ordinal0 [0x008A65C0+812480]
	Ordinal0 [0x0090647E+1205374]
	Ordinal0 [0x008F1A8C+1120908]
	Ordinal0 [0x009059E2+1202658]
	Ordinal0 [0x008F18A6+1120422]
	Ordinal0 [0x008CA73D+960317]
	Ordinal0 [0x008CB71F+964383]
	GetHandleVerifier [0x00CAE7E2+2743074]
	GetHandleVerifier [0x00CA08D4+2685972]
	GetHandleVerifier [0x00A92BAA+532202]
	GetHandleVerifier [0x00A91990+527568]
	Ordinal0 [0x009A080C+1837068]
    [ Message content over the limit has been removed. ]
	Ordinal0 [0x008CA73D+960317]
	Ordinal0 [0x008CB71F+964383]
	GetHandleVerifier [0x00CAE7E2+2743074]
	GetHandleVerifier [0x00CA08D4+2685972]
	GetHandleVerifier [0x00A92BAA+532202]
	GetHandleVerifier [0x00A91990+527568]
	Ordinal0 [0x009A080C+1837068]
	Ordinal0 [0x009A4CD8+1854680]
	Ordinal0 [0x009A4DC5+1854917]
	Ordinal0 [0x009AED64+1895780]
	BaseThreadInitThunk [0x7717FA29+25]
	RtlGetAppContainerNamedObjectPath [0x77647BBE+286]
	RtlGetAppContainerNamedObjectPath [0x77647B8E+238]


3) OperationalError: (20009, b'DB-Lib error message 20009, severity 9:\nUnable to connect: Adaptive Server is unavailable or does not exist (10.62.150.248)\nNet-Lib error during Unknown error (10060)\nDB-Lib error message 20009, severity 9:\nUnable to connect: Adaptive Server is unavailable or does not exist (10.62.150.248)\nNet-Lib error during Unknown error (10060)\n')</status>
</test>
<status status="FAIL" starttime="20221019 17:44:23.138" endtime="20221020 09:10:48.807"/>
</suite>
<statistics>
<total>
<stat pass="0" fail="1" skip="0">All Tests</stat>
</total>
<tag>
</tag>
<suite>
<stat pass="0" fail="1" skip="0" id="s1" name="Closepreview">Closepreview</stat>
</suite>
</statistics>
<errors>
<msg timestamp="20221019 17:44:23.476" level="ERROR">Error in file 'C:\Users\ThomasJ1\PycharmProjects\CRSITP2\Tests\closepreview.robot' on line 6: Importing library 'RPA.Database' failed: ModuleNotFoundError: No module named 'RPA'
Traceback (most recent call last):
  None
PYTHONPATH:
  C:\Users\ThomasJ1\AppData\Local\Programs\Python\Python310\Scripts\robot.exe
  C:\Users\ThomasJ1\AppData\Local\Programs\Python\Python310\python310.zip
  C:\Users\ThomasJ1\AppData\Local\Programs\Python\Python310\DLLs
  C:\Users\ThomasJ1\AppData\Local\Programs\Python\Python310\lib
  C:\Users\ThomasJ1\AppData\Local\Programs\Python\Python310
  C:\Users\ThomasJ1\AppData\Local\Programs\Python\Python310\lib\site-packages
  C:\Users\ThomasJ1\AppData\Local\Programs\Python\Python310\lib\site-packages\win32
  C:\Users\ThomasJ1\AppData\Local\Programs\Python\Python310\lib\site-packages\win32\lib
  C:\Users\ThomasJ1\AppData\Local\Programs\Python\Python310\lib\site-packages\Pythonwin</msg>
<msg timestamp="20221019 17:44:23.492" level="ERROR">Error in file 'C:\Users\ThomasJ1\PycharmProjects\CRSITP2\Resources\ITP2Keywords.robot' on line 13: Setting 'Suite Setup' is not allowed in resource file.</msg>
<msg timestamp="20221019 17:44:23.492" level="ERROR">Error in file 'C:\Users\ThomasJ1\PycharmProjects\CRSITP2\Resources\ITP2Keywords.robot' on line 15: Non-existing setting 'import java.awt.AWTException'.</msg>
<msg timestamp="20221019 17:44:23.492" level="ERROR">Error in file 'C:\Users\ThomasJ1\PycharmProjects\CRSITP2\Resources\ITP2Keywords.robot' on line 16: Non-existing setting 'import java.awt.Robot'.</msg>
<msg timestamp="20221019 17:44:23.492" level="ERROR">Error in file 'C:\Users\ThomasJ1\PycharmProjects\CRSITP2\Resources\ITP2Keywords.robot' on line 17: Non-existing setting 'import java.awt.event.KeyEvent'.</msg>
<msg timestamp="20221019 17:44:23.492" level="ERROR">Error in file 'C:\Users\ThomasJ1\PycharmProjects\CRSITP2\Resources\ITP2Keywords.robot' on line 18: Non-existing setting 'import SendKeys'.</msg>
<msg timestamp="20221019 17:44:23.492" level="ERROR">Error in file 'C:\Users\ThomasJ1\PycharmProjects\CRSITP2\Resources\ITP2Keywords.robot' on line 19: Non-existing setting 'import'.</msg>
<msg timestamp="20221019 17:44:23.492" level="ERROR">Error in file 'C:\Users\ThomasJ1\PycharmProjects\CRSITP2\Resources\ITP2Keywords.robot' on line 20: Non-existing setting 'import pyodbc'.</msg>
<msg timestamp="20221019 17:44:23.492" level="ERROR">Error in file 'C:\Users\ThomasJ1\PycharmProjects\CRSITP2\Resources\ITP2Keywords.robot' on line 67: Setting 'Documentation' is allowed only once. Only the first value is used.</msg>
<msg timestamp="20221019 17:44:23.492" level="ERROR">Error in file 'C:\Users\ThomasJ1\PycharmProjects\CRSITP2\Resources\ITP2Keywords.robot' on line 86: Setting 'Documentation' is allowed only once. Only the first value is used.</msg>
<msg timestamp="20221019 17:44:23.492" level="ERROR">Error in file 'C:\Users\ThomasJ1\PycharmProjects\CRSITP2\Resources\ITP2Keywords.robot' on line 400: Setting 'Documentation' is allowed only once. Only the first value is used.</msg>
<msg timestamp="20221019 17:44:23.492" level="ERROR">Error in file 'C:\Users\ThomasJ1\PycharmProjects\CRSITP2\Resources\ITP2Keywords.robot' on line 416: Setting 'Documentation' is allowed only once. Only the first value is used.</msg>
<msg timestamp="20221019 17:44:23.492" level="ERROR">Error in file 'C:\Users\ThomasJ1\PycharmProjects\CRSITP2\Resources\ITP2Keywords.robot' on line 436: Setting 'Documentation' is allowed only once. Only the first value is used.</msg>
<msg timestamp="20221019 17:44:23.508" level="ERROR">Error in file 'C:\Users\ThomasJ1\PycharmProjects\CRSITP2\Resources\ITP2Keywords.robot' on line 32: Setting variable '${cibirthfirstname} 'Shaleen'' failed: Invalid variable name '${cibirthfirstname} 'Shaleen''.</msg>
<msg timestamp="20221019 17:44:24.163" level="ERROR">Error in file 'C:\Users\ThomasJ1\PycharmProjects\CRSITP2\Resources\ITP2Keywords.robot' on line 12: Importing library 'RPA.Database' failed: ModuleNotFoundError: No module named 'RPA'
Traceback (most recent call last):
  None
PYTHONPATH:
  C:\Users\ThomasJ1\AppData\Local\Programs\Python\Python310\Scripts\robot.exe
  C:\Users\ThomasJ1\AppData\Local\Programs\Python\Python310\python310.zip
  C:\Users\ThomasJ1\AppData\Local\Programs\Python\Python310\DLLs
  C:\Users\ThomasJ1\AppData\Local\Programs\Python\Python310\lib
  C:\Users\ThomasJ1\AppData\Local\Programs\Python\Python310
  C:\Users\ThomasJ1\AppData\Local\Programs\Python\Python310\lib\site-packages
  C:\Users\ThomasJ1\AppData\Local\Programs\Python\Python310\lib\site-packages\win32
  C:\Users\ThomasJ1\AppData\Local\Programs\Python\Python310\lib\site-packages\win32\lib
  C:\Users\ThomasJ1\AppData\Local\Programs\Python\Python310\lib\site-packages\Pythonwin</msg>
<msg timestamp="20221020 09:10:27.578" level="WARN">Keyword 'Capture Page Screenshot' could not be run on failure: Message: timeout: Timed out receiving message from renderer: 600.000
  (Session info: chrome=106.0.5249.119)
Stacktrace:
Backtrace:
	Ordinal0 [0x00A01ED3+2236115]
	Ordinal0 [0x009992F1+1807089]
	Ordinal0 [0x008A66FD+812797]
	Ordinal0 [0x00899449+758857]
	Ordinal0 [0x008992C1+758465]
	Ordinal0 [0x00898113+753939]
	Ordinal0 [0x0089861D+755229]
	Ordinal0 [0x00897D25+752933]
	Ordinal0 [0x008A2083+794755]
	Ordinal0 [0x00897CD5+752853]
	Ordinal0 [0x00898EE6+757478]
	Ordinal0 [0x00898113+753939]
	Ordinal0 [0x0089861D+755229]
	Ordinal0 [0x00897D25+752933]
	Ordinal0 [0x0089FBB8+785336]
	Ordinal0 [0x00897CD5+752853]
	Ordinal0 [0x00898EE6+757478]
	Ordinal0 [0x00898113+753939]
	Ordinal0 [0x0089861D+755229]
	Ordinal0 [0x00897D25+752933]
	Ordinal0 [0x0089D5C2+775618]
	Ordinal0 [0x00897CD5+752853]
	Ordinal0 [0x00898EE6+757478]
	Ordinal0 [0x00898113+753939]
	Ordinal0 [0x0089861D+755229]
	Ordinal0 [0x00897D25+752933]
	Ordinal0 [0x00892F2D+732973]
	Ordinal0 [0x00897CD5+752853]
	Ordinal0 [0x008974FD+750845]
	Ordinal0 [0x008975ED+751085]
	Ordinal0 [0x0089791A+751898]
	Ordinal0 [0x008977D8+751576]
	Ordinal0 [0x008A7B63+818019]
	Ordinal0 [0x0090518A+1200522]
	Ordinal0 [0x008F18A6+1120422]
	Ordinal0 [0x008CA73D+960317]
	Ordinal0 [0x008CB71F+964383]
	GetHandleVerifier [0x00CAE7E2+2743074]
	GetHandleVerifier [0x00CA08D4+2685972]
	GetHandleVerifier [0x00A92BAA+532202]
	GetHandleVerifier [0x00A91990+527568]
	Ordinal0 [0x009A080C+1837068]
	Ordinal0 [0x009A4CD8+1854680]
	Ordinal0 [0x009A4DC5+1854917]
	Ordinal0 [0x009AED64+1895780]
	BaseThreadInitThunk [0x7717FA29+25]
	RtlGetAppContainerNamedObjectPath [0x77647BBE+286]
	RtlGetAppContainerNamedObjectPath [0x77647B8E+238]
</msg>
</errors>
</robot>
